#
# There is insufficient memory for the Java Runtime Environment to continue.
# Native memory allocation (mmap) failed to map 125829120 bytes for G1 virtual space
# Possible reasons:
#   The system is out of physical RAM or swap space
#   The process is running with CompressedOops enabled, and the Java Heap may be blocking the growth of the native heap
# Possible solutions:
#   Reduce memory load on the system
#   Increase physical memory or swap space
#   Check if swap backing store is full
#   Decrease Java heap size (-Xmx/-Xms)
#   Decrease number of Java threads
#   Decrease Java thread stack sizes (-Xss)
#   Set larger code cache with -XX:ReservedCodeCacheSize=
#   JVM is running with Unscaled Compressed Oops mode in which the Java heap is
#     placed in the first 4GB address space. The Java Heap base address is the
#     maximum limit for the native heap growth. Please use -XX:HeapBaseMinAddress
#     to set the Java Heap base and to place the Java Heap above 4GB virtual address.
# This output file may be truncated or incomplete.
#
#  Out of Memory Error (os_windows.cpp:3535), pid=17784, tid=16268
#
# JRE version:  (17.0.4.1+1) (build )
# Java VM: Java HotSpot(TM) 64-Bit Server VM (17.0.4.1+1-LTS-2, mixed mode, sharing, tiered, compressed oops, compressed class ptrs, g1 gc, windows-amd64)
# No core dump will be written. Minidumps are not enabled by default on client versions of Windows
#

---------------  S U M M A R Y ------------

Command Line: -Dfile.encoding=UTF-8 -XX:+ShowCodeDetailsInExceptionMessages Principal

Host: Intel(R) Core(TM) i5-7200U CPU @ 2.50GHz, 4 cores, 7G,  Windows 10 , 64 bit Build 19041 (10.0.19041.3570)
Time: Fri Oct 20 17:17:49 2023 Hora de verano romance elapsed time: 0.025956 seconds (0d 0h 0m 0s)

---------------  T H R E A D  ---------------

Current thread (0x00000174b6d27000):  JavaThread "Unknown thread" [_thread_in_vm, id=16268, stack(0x0000000442900000,0x0000000442a00000)]

Stack: [0x0000000442900000,0x0000000442a00000]
Native frames: (J=compiled Java code, j=interpreted, Vv=VM code, C=native code)
V  [jvm.dll+0x6723ba]
V  [jvm.dll+0x7d1e34]
V  [jvm.dll+0x7d35de]
V  [jvm.dll+0x7d3c43]
V  [jvm.dll+0x243065]
V  [jvm.dll+0x66f2d9]
V  [jvm.dll+0x663c22]
V  [jvm.dll+0x3011cb]
V  [jvm.dll+0x308766]
V  [jvm.dll+0x35846e]
V  [jvm.dll+0x35869f]
V  [jvm.dll+0x2d83e8]
V  [jvm.dll+0x2d9354]
V  [jvm.dll+0x7a3911]
V  [jvm.dll+0x3662c1]
V  [jvm.dll+0x782d7c]
V  [jvm.dll+0x3e8c1f]
V  [jvm.dll+0x3ea6c1]
C  [jli.dll+0x527b]
C  [ucrtbase.dll+0x21bb2]
C  [KERNEL32.DLL+0x17344]
C  [ntdll.dll+0x526b1]


---------------  P R O C E S S  ---------------

Threads class SMR info:
_java_thread_list=0x00007ff93d78a858, length=0, elements={
}

Java Threads: ( => current thread )

Other Threads:
  0x00000174b6d7daf0 GCTaskThread "GC Thread#0" [stack: 0x0000000442a00000,0x0000000442b00000] [id=17832]
  0x00000174b6d8d870 ConcurrentGCThread "G1 Main Marker" [stack: 0x0000000442b00000,0x0000000442c00000] [id=13004]
  0x00000174b6d91270 ConcurrentGCThread "G1 Conc#0" [stack: 0x0000000442c00000,0x0000000442d00000] [id=11556]

[error occurred during error reporting (printing all threads), id 0xc0000005, EXCEPTION_ACCESS_VIOLATION (0xc0000005) at pc=0x00007ff93cfd8dd7]

VM state: not at safepoint (not fully initialized)

VM Mutex/Monitor currently owned by a thread:  ([mutex/lock_event])
[0x00000174b6d23360] Heap_lock - owner thread: 0x00000174b6d27000

Heap address: 0x0000000088e00000, size: 1906 MB, Compressed Oops mode: 32-bit

CDS archive(s) mapped at: [0x0000000000000000-0x0000000000000000-0x0000000000000000), size 0, SharedBaseAddress: 0x0000000800000000, ArchiveRelocationMode: 0.
Narrow klass base: 0x0000000000000000, Narrow klass shift: 0, Narrow klass range: 0x0

GC Precious Log:
<Empty>

Heap:
 garbage-first heap   total 0K, used 0K [0x0000000088e00000, 0x0000000100000000)
  region size 1024K, 0 young (0K), 0 survivors (0K)

[error occurred during error reporting (printing heap information), id 0xc0000005, EXCEPTION_ACCESS_VIOLATION (0xc0000005) at pc=0x00007ff93d3bb869]

GC Heap History (0 events):
No events

Deoptimization events (0 events):
No events

Classes unloaded (0 events):
No events

Classes redefined (0 events):
No events

Internal exceptions (0 events):
No events

VM Operations (0 events):
No events

Events (1 events):
Event: 0.018 Loaded shared library C:\Program Files\Java\jdk-17.0.4.1\bin\java.dll


Dynamic libraries:
0x00007ff796ec0000 - 0x00007ff796ed0000 	C:\Program Files\Java\jdk-17.0.4.1\bin\javaw.exe
0x00007ff99d310000 - 0x00007ff99d507000 	C:\WINDOWS\SYSTEM32\ntdll.dll
0x00007ff97f720000 - 0x00007ff97f739000 	C:\Program Files\AVAST Software\Avast\aswhook.dll
0x00007ff99d210000 - 0x00007ff99d2cd000 	C:\WINDOWS\System32\KERNEL32.DLL
0x00007ff99adc0000 - 0x00007ff99b0b6000 	C:\WINDOWS\System32\KERNELBASE.dll
0x00007ff99ac30000 - 0x00007ff99ad30000 	C:\WINDOWS\System32\ucrtbase.dll
0x00007ff98e160000 - 0x00007ff98e178000 	C:\Program Files\Java\jdk-17.0.4.1\bin\jli.dll
0x00007ff98e140000 - 0x00007ff98e15a000 	C:\Program Files\Java\jdk-17.0.4.1\bin\VCRUNTIME140.dll
0x00007ff99b370000 - 0x00007ff99b41e000 	C:\WINDOWS\System32\ADVAPI32.dll
0x00007ff99caf0000 - 0x00007ff99cb8e000 	C:\WINDOWS\System32\msvcrt.dll
0x00007ff99b910000 - 0x00007ff99b9ac000 	C:\WINDOWS\System32\sechost.dll
0x00007ff99b6a0000 - 0x00007ff99b7c6000 	C:\WINDOWS\System32\RPCRT4.dll
0x00007ff99c920000 - 0x00007ff99cabe000 	C:\WINDOWS\System32\USER32.dll
0x00007ff9941d0000 - 0x00007ff99446a000 	C:\WINDOWS\WinSxS\amd64_microsoft.windows.common-controls_6595b64144ccf1df_6.0.19041.3570_none_60bb2a3971f3e41a\COMCTL32.dll
0x00007ff99b220000 - 0x00007ff99b242000 	C:\WINDOWS\System32\win32u.dll
0x00007ff99cac0000 - 0x00007ff99caec000 	C:\WINDOWS\System32\GDI32.dll
0x00007ff99b250000 - 0x00007ff99b36a000 	C:\WINDOWS\System32\gdi32full.dll
0x00007ff99a9f0000 - 0x00007ff99aa8d000 	C:\WINDOWS\System32\msvcp_win.dll
0x00007ff990f00000 - 0x00007ff990f0a000 	C:\WINDOWS\SYSTEM32\VERSION.dll
0x00007ff99c1a0000 - 0x00007ff99c1d0000 	C:\WINDOWS\System32\IMM32.DLL
0x00007ff98ff60000 - 0x00007ff98ff6c000 	C:\Program Files\Java\jdk-17.0.4.1\bin\vcruntime140_1.dll
0x00007ff966270000 - 0x00007ff9662fd000 	C:\Program Files\Java\jdk-17.0.4.1\bin\msvcp140.dll
0x00007ff93ccf0000 - 0x00007ff93d8b2000 	C:\Program Files\Java\jdk-17.0.4.1\bin\server\jvm.dll
0x00007ff992400000 - 0x00007ff992427000 	C:\WINDOWS\SYSTEM32\WINMM.dll
0x00007ff99b690000 - 0x00007ff99b698000 	C:\WINDOWS\System32\PSAPI.DLL
0x00007ff985b40000 - 0x00007ff985b49000 	C:\WINDOWS\SYSTEM32\WSOCK32.dll
0x00007ff99c000000 - 0x00007ff99c06b000 	C:\WINDOWS\System32\WS2_32.dll
0x00007ff998900000 - 0x00007ff998912000 	C:\WINDOWS\SYSTEM32\kernel.appcore.dll
0x00007ff98ef60000 - 0x00007ff98ef6a000 	C:\Program Files\Java\jdk-17.0.4.1\bin\jimage.dll
0x00007ff9985b0000 - 0x00007ff998794000 	C:\WINDOWS\SYSTEM32\DBGHELP.DLL
0x00007ff990e60000 - 0x00007ff990e94000 	C:\WINDOWS\SYSTEM32\dbgcore.DLL
0x00007ff99ad30000 - 0x00007ff99adb2000 	C:\WINDOWS\System32\bcryptPrimitives.dll
0x00007ff98e060000 - 0x00007ff98e085000 	C:\Program Files\Java\jdk-17.0.4.1\bin\java.dll

dbghelp: loaded successfully - version: 4.0.5 - missing functions: none
symbol engine: initialized successfully - sym options: 0x614 - pdb path: .;C:\Program Files\Java\jdk-17.0.4.1\bin;C:\WINDOWS\SYSTEM32;C:\Program Files\AVAST Software\Avast;C:\WINDOWS\WinSxS\amd64_microsoft.windows.common-controls_6595b64144ccf1df_6.0.19041.3570_none_60bb2a3971f3e41a;C:\Program Files\Java\jdk-17.0.4.1\bin\server

VM Arguments:
jvm_args: -Dfile.encoding=UTF-8 -XX:+ShowCodeDetailsInExceptionMessages 
java_command: Principal
java_class_path (initial): C:\Users\usuario\Desktop\2ºDam\procesos\AleatorioHilos\bin
Launcher Type: SUN_STANDARD

[Global flags]
     intx CICompilerCount                          = 3                                         {product} {ergonomic}
     uint ConcGCThreads                            = 1                                         {product} {ergonomic}
     uint G1ConcRefinementThreads                  = 4                                         {product} {ergonomic}
   size_t G1HeapRegionSize                         = 1048576                                   {product} {ergonomic}
    uintx GCDrainStackTargetSize                   = 64                                        {product} {ergonomic}
   size_t InitialHeapSize                          = 125829120                                 {product} {ergonomic}
   size_t MarkStackSize                            = 4194304                                   {product} {ergonomic}
   size_t MaxHeapSize                              = 1998585856                                {product} {ergonomic}
   size_t MinHeapDeltaBytes                        = 1048576                                   {product} {ergonomic}
   size_t MinHeapSize                              = 8388608                                   {product} {ergonomic}
    uintx NonNMethodCodeHeapSize                   = 5832780                                {pd product} {ergonomic}
    uintx NonProfiledCodeHeapSize                  = 122912730                              {pd product} {ergonomic}
    uintx ProfiledCodeHeapSize                     = 122912730                              {pd product} {ergonomic}
    uintx ReservedCodeCacheSize                    = 251658240                              {pd product} {ergonomic}
     bool SegmentedCodeCache                       = true                                      {product} {ergonomic}
     bool ShowCodeDetailsInExceptionMessages       = true                                   {manageable} {command line}
   size_t SoftMaxHeapSize                          = 1998585856                             {manageable} {ergonomic}
     bool UseCompressedClassPointers               = true                           {product lp64_product} {ergonomic}
     bool UseCompressedOops                        = true                           {product lp64_product} {ergonomic}
     bool UseG1GC                                  = true                                      {product} {ergonomic}
     bool UseLargePagesIndividualAllocation        = false                                  {pd product} {ergonomic}

Logging:
Log output configuration:
 #0: stdout all=warning uptime,level,tags
 #1: stderr all=off uptime,level,tags

Environment Variables:
PATH=C:/Program Files/Microsoft/jdk-11.0.16.101-hotspot/bin/server;C:/Program Files/Microsoft/jdk-11.0.16.101-hotspot/bin;C:\Program Files\Microsoft\jdk-11.0.16.101-hotspot\bin;C:\Program Files\Java\jdk-17.0.4.1\bin;C:\Program Files\Common Files\Oracle\Java\javapath;C:\WINDOWS\system32;C:\WINDOWS;C:\WINDOWS\System32\Wbem;C:\WINDOWS\System32\WindowsPowerShell\v1.0\;C:\WINDOWS\System32\OpenSSH\;C:\Program Files\Git\cmd;C:\Program Files (x86)\BaseX\bin;C:\Program Files (x86)\dotnet\;C:\Program Files\Microsoft SQL Server\150\Tools\Binn\;C:\Program Files\Microsoft SQL Server\Client SDK\ODBC\170\Tools\Binn\;C:\Program Files\dotnet\;C:\Program Files (x86)\Windows Kits\10\Windows Performance Toolkit\;C:\Users\usuario\AppData\Local\Programs\Python\Launcher\;C:\Program Files\MySQL\MySQL Shell 8.0\bin\;C:\Users\usuario\AppData\Local\Microsoft\WindowsApps;;C:\Users\usuario\AppData\Local\Programs\Microsoft VS Code\bin;C:\Users\usuario\.dotnet\tools;C:\Users\usuario\Desktop;
USERNAME=usuario
OS=Windows_NT
PROCESSOR_IDENTIFIER=Intel64 Family 6 Model 142 Stepping 9, GenuineIntel



---------------  S Y S T E M  ---------------

OS:
 Windows 10 , 64 bit Build 19041 (10.0.19041.3570)
OS uptime: 4 days 1:37 hours

CPU: total 4 (initial active 4) (2 cores per cpu, 2 threads per core) family 6 model 142 stepping 9 microcode 0xb4, cx8, cmov, fxsr, ht, mmx, 3dnowpref, sse, sse2, sse3, ssse3, sse4.1, sse4.2, popcnt, lzcnt, tsc, tscinvbit, avx, avx2, aes, erms, clmul, bmi1, bmi2, adx, fma, vzeroupper, clflush, clflushopt

Memory: 4k page, system-wide physical 7617M (1656M free)
TotalPageFile size 17617M (AvailPageFile size 85M)
current process WorkingSet (physical memory assigned to process): 10M, peak: 10M
current process commit charge ("private bytes"): 51M, peak: 171M

vm_info: Java HotSpot(TM) 64-Bit Server VM (17.0.4.1+1-LTS-2) for windows-amd64 JRE (17.0.4.1+1-LTS-2), built on Aug 16 2022 18:32:06 by "mach5one" with MS VC++ 16.8 / 16.9 (VS2019)

END.
